<?xml version="1.0" encoding="UTF-8"?>
<!-- Generated by org.testng.reporters.JUnitXMLReporter -->
<testsuite hostname="VM-W10-SAREYYI" ignored="1" name="GRP-bvt" tests="2" failures="0" timestamp="2021-09-01T12:13:21 EDT" time="0.117" errors="0">
  <testcase name="testng" time="0.014" classname="Selenium.TestNG"/>
  <testcase name="testng" time="0.004" classname="Selenium.TestNG"/>
  <testcase name="testng5" time="0.0" classname="Selenium.TestNG">
    <ignored/>
  </testcase> <!-- testng5 -->
</testsuite> <!-- GRP-bvt -->
