<?xml version="1.0" encoding="UTF-8"?>
<!-- Generated by org.testng.reporters.JUnitXMLReporter -->
<testsuite hostname="VM-W10-SAREYYI" ignored="0" name="Test" tests="3" failures="0" timestamp="2021-09-01T12:27:38 EDT" time="0.103" errors="0">
  <testcase name="testng" time="0.011" classname="Selenium.TestNG"/>
  <testcase name="testng" time="0.005" classname="Selenium.TestNG"/>
  <testcase name="testng5" time="0.003" classname="Selenium.TestNG">
    <skipped/>
  </testcase> <!-- testng5 -->
</testsuite> <!-- Test -->
