<?xml version="1.0" encoding="UTF-8"?>
<testng-results skipped="1" failed="0" ignored="0" total="3" passed="2">
  <reporter-output>
  </reporter-output>
  <suite name="Suite" duration-ms="103" started-at="2021-09-01T12:27:38 EDT" finished-at="2021-09-01T12:27:38 EDT">
    <groups>
      <group name="bvt">
        <method signature="TestNG.testng(java.lang.String,java.lang.String)[pri:0, instance:Selenium.TestNG@72b6cbcc]" name="testng" class="Selenium.TestNG"/>
      </group> <!-- bvt -->
    </groups>
    <test name="Test" duration-ms="103" started-at="2021-09-01T12:27:38 EDT" finished-at="2021-09-01T12:27:38 EDT">
      <class name="Selenium.TestNG">
        <test-method status="PASS" signature="testng(java.lang.String,java.lang.String)[pri:0, instance:Selenium.TestNG@72b6cbcc]" name="testng" duration-ms="11" started-at="2021-09-01T12:27:38 EDT" data-provider="data1" finished-at="2021-09-01T12:27:38 EDT">
          <params>
            <param index="0">
              <value>
                <![CDATA[tes1]]>
              </value>
            </param>
            <param index="1">
              <value>
                <![CDATA[test2]]>
              </value>
            </param>
          </params>
          <reporter-output>
          </reporter-output>
        </test-method> <!-- testng -->
        <test-method status="PASS" signature="testng(java.lang.String,java.lang.String)[pri:0, instance:Selenium.TestNG@72b6cbcc]" name="testng" duration-ms="5" started-at="2021-09-01T12:27:38 EDT" data-provider="data1" finished-at="2021-09-01T12:27:38 EDT">
          <params>
            <param index="0">
              <value>
                <![CDATA[tes1]]>
              </value>
            </param>
            <param index="1">
              <value>
                <![CDATA[test2]]>
              </value>
            </param>
          </params>
          <reporter-output>
          </reporter-output>
        </test-method> <!-- testng -->
        <test-method status="SKIP" signature="testng5()[pri:0, instance:Selenium.TestNG@72b6cbcc]" name="testng5" duration-ms="3" started-at="2021-09-01T12:27:38 EDT" finished-at="2021-09-01T12:27:38 EDT">
          <exception class="org.testng.SkipException">
            <message>
              <![CDATA[skip]]>
            </message>
            <full-stacktrace>
              <![CDATA[org.testng.SkipException: skip
at Selenium.TestNG.testng5(TestNG.java:18)
at sun.reflect.NativeMethodAccessorImpl.invoke0(Native Method)
at sun.reflect.NativeMethodAccessorImpl.invoke(Unknown Source)
at sun.reflect.DelegatingMethodAccessorImpl.invoke(Unknown Source)
at java.lang.reflect.Method.invoke(Unknown Source)
at org.testng.internal.MethodInvocationHelper.invokeMethod(MethodInvocationHelper.java:133)
at org.testng.internal.TestInvoker.invokeMethod(TestInvoker.java:598)
at org.testng.internal.TestInvoker.invokeTestMethod(TestInvoker.java:173)
at org.testng.internal.MethodRunner.runInSequence(MethodRunner.java:46)
at org.testng.internal.TestInvoker$MethodInvocationAgent.invoke(TestInvoker.java:824)
at org.testng.internal.TestInvoker.invokeTestMethods(TestInvoker.java:146)
at org.testng.internal.TestMethodWorker.invokeTestMethods(TestMethodWorker.java:146)
at org.testng.internal.TestMethodWorker.run(TestMethodWorker.java:128)
at java.util.ArrayList.forEach(Unknown Source)
at org.testng.TestRunner.privateRun(TestRunner.java:794)
at org.testng.TestRunner.run(TestRunner.java:596)
at org.testng.SuiteRunner.runTest(SuiteRunner.java:377)
at org.testng.SuiteRunner.runSequentially(SuiteRunner.java:371)
at org.testng.SuiteRunner.privateRun(SuiteRunner.java:332)
at org.testng.SuiteRunner.run(SuiteRunner.java:276)
at org.testng.SuiteRunnerWorker.runSuite(SuiteRunnerWorker.java:53)
at org.testng.SuiteRunnerWorker.run(SuiteRunnerWorker.java:96)
at org.testng.TestNG.runSuitesSequentially(TestNG.java:1212)
at org.testng.TestNG.runSuitesLocally(TestNG.java:1134)
at org.testng.TestNG.runSuites(TestNG.java:1063)
at org.testng.TestNG.run(TestNG.java:1031)
at org.testng.remote.AbstractRemoteTestNG.run(AbstractRemoteTestNG.java:115)
at org.testng.remote.RemoteTestNG.initAndRun(RemoteTestNG.java:251)
at org.testng.remote.RemoteTestNG.main(RemoteTestNG.java:77)
]]>
            </full-stacktrace>
          </exception> <!-- org.testng.SkipException -->
          <reporter-output>
          </reporter-output>
        </test-method> <!-- testng5 -->
      </class> <!-- Selenium.TestNG -->
    </test> <!-- Test -->
  </suite> <!-- Suite -->
</testng-results>
